[2021-10-18 10:47:54,688] multiqc                                            [DEBUG  ]  This is MultiQC v1.11
[2021-10-18 10:47:54,688] multiqc                                            [DEBUG  ]  No MultiQC config found: /Users/djfeistel/opt/miniconda3/lib/python3.8/site-packages/multiqc_config.yaml
[2021-10-18 10:47:54,688] multiqc                                            [DEBUG  ]  No MultiQC config found: /Users/djfeistel/.multiqc_config.yaml
[2021-10-18 10:47:54,688] multiqc                                            [DEBUG  ]  No MultiQC config found: multiqc_config.yaml
[2021-10-18 10:47:54,688] multiqc                                            [DEBUG  ]  Command used: /Users/djfeistel/opt/miniconda3/bin/multiqc .
[2021-10-18 10:47:55,420] multiqc                                            [DEBUG  ]  Latest MultiQC version is v1.11
[2021-10-18 10:47:55,421] multiqc                                            [DEBUG  ]  Command     : /Users/djfeistel/opt/miniconda3/bin/multiqc .
[2021-10-18 10:47:55,421] multiqc                                            [DEBUG  ]  Working dir : /Users/djfeistel/Desktop/GA_Tech/BIOL6150/class_project/teams12/fastq-files
[2021-10-18 10:47:55,421] multiqc                                            [DEBUG  ]  Template    : default
[2021-10-18 10:47:55,421] multiqc                                            [DEBUG  ]  Running Python 3.8.3 (default, May 19 2020, 13:54:14)  [Clang 10.0.0 ]
[2021-10-18 10:47:55,421] multiqc                                            [DEBUG  ]  Analysing modules: custom_content, ccs, ngsderive, purple, conpair, lima, peddy, somalier, methylQA, mosdepth, phantompeakqualtools, qualimap, preseq, quast, qorts, rna_seqc, rockhopper, rsem, rseqc, busco, bustools, goleft_indexcov, gffcompare, disambiguate, supernova, deeptools, sargasso, verifybamid, mirtrace, happy, mirtop, sambamba, homer, hops, macs2, theta2, snpeff, gatk, htseq, bcftools, featureCounts, fgbio, dragen, dedup, damageprofiler, biobambam2, jcvi, mtnucratio, picard, vep, sentieon, prokka, qc3C, nanostat, samblaster, samtools, sexdeterrmine, eigenstratdatabasetools, bamtools, jellyfish, vcftools, longranger, stacks, varscan2, snippy, bbmap, bismark, biscuit, hicexplorer, hicup, hicpro, salmon, kallisto, slamdunk, star, hisat2, tophat, bowtie2, bowtie1, snpsplit, odgi, pangolin, kat, leehom, adapterRemoval, clipandmerge, cutadapt, flexbar, kaiju, kraken, malt, trimmomatic, sickle, skewer, sortmerna, biobloomtools, fastq_screen, afterqc, fastp, fastqc, pychopper, pycoqc, minionqc, multivcfanalyzer, clusterflow, bcl2fastq, bclconvert, interop, ivar, flash, seqyclean, optitype
[2021-10-18 10:47:55,422] multiqc                                            [DEBUG  ]  Using temporary directory for creating report: /var/folders/4b/n1btbt3d189bdbwd31qfx_tm0000gn/T/tmpkl54s978
[2021-10-18 10:47:55,500] multiqc                                            [INFO   ]  Search path : /Users/djfeistel/Desktop/GA_Tech/BIOL6150/class_project/teams12/fastq-files
[2021-10-18 10:47:55,541] multiqc                                            [DEBUG  ]  File ignored by ccs/v4 because it exceeded search pattern filesize limit: SRR10398416_2_fastqc.html
[2021-10-18 10:47:55,543] multiqc                                            [DEBUG  ]  File ignored by hicexplorer because it exceeded search pattern filesize limit: SRR10398416_2_fastqc.html
[2021-10-18 10:47:55,543] multiqc                                            [DEBUG  ]  File ignored by nanostat because it exceeded search pattern filesize limit: SRR10398416_2_fastqc.html
[2021-10-18 10:47:55,543] multiqc                                            [DEBUG  ]  File ignored by lima/summary because it exceeded search pattern filesize limit: SRR10398416_2_fastqc.html
[2021-10-18 10:47:55,547] multiqc                                            [DEBUG  ]  File ignored by vep/vep_txt because it exceeded search pattern filesize limit: SRR10398416_2_fastqc.html
[2021-10-18 10:47:55,547] multiqc                                            [DEBUG  ]  File ignored by longranger/invocation because it exceeded search pattern filesize limit: SRR10398416_2_fastqc.html
[2021-10-18 10:47:55,547] multiqc                                            [DEBUG  ]  File ignored by rockhopper because it exceeded search pattern filesize limit: SRR10398416_2_fastqc.html
[2021-10-18 10:47:55,547] multiqc                                            [DEBUG  ]  File ignored by rseqc/bam_stat because it exceeded search pattern filesize limit: SRR10398416_2_fastqc.html
[2021-10-18 10:47:55,547] multiqc                                            [DEBUG  ]  File ignored by rseqc/junction_annotation because it exceeded search pattern filesize limit: SRR10398416_2_fastqc.html
[2021-10-18 10:47:55,547] multiqc                                            [DEBUG  ]  File ignored by rseqc/read_distribution because it exceeded search pattern filesize limit: SRR10398416_2_fastqc.html
[2021-10-18 10:47:55,547] multiqc                                            [DEBUG  ]  File ignored by rseqc/infer_experiment because it exceeded search pattern filesize limit: SRR10398416_2_fastqc.html
[2021-10-18 10:47:55,606] multiqc                                            [DEBUG  ]  File ignored by ccs/v4 because it exceeded search pattern filesize limit: SRR10398412_2_fastqc.html
[2021-10-18 10:47:55,607] multiqc                                            [DEBUG  ]  File ignored by hicexplorer because it exceeded search pattern filesize limit: SRR10398412_2_fastqc.html
[2021-10-18 10:47:55,607] multiqc                                            [DEBUG  ]  File ignored by nanostat because it exceeded search pattern filesize limit: SRR10398412_2_fastqc.html
[2021-10-18 10:47:55,607] multiqc                                            [DEBUG  ]  File ignored by lima/summary because it exceeded search pattern filesize limit: SRR10398412_2_fastqc.html
[2021-10-18 10:47:55,610] multiqc                                            [DEBUG  ]  File ignored by vep/vep_txt because it exceeded search pattern filesize limit: SRR10398412_2_fastqc.html
[2021-10-18 10:47:55,610] multiqc                                            [DEBUG  ]  File ignored by longranger/invocation because it exceeded search pattern filesize limit: SRR10398412_2_fastqc.html
[2021-10-18 10:47:55,610] multiqc                                            [DEBUG  ]  File ignored by rockhopper because it exceeded search pattern filesize limit: SRR10398412_2_fastqc.html
[2021-10-18 10:47:55,610] multiqc                                            [DEBUG  ]  File ignored by rseqc/bam_stat because it exceeded search pattern filesize limit: SRR10398412_2_fastqc.html
[2021-10-18 10:47:55,610] multiqc                                            [DEBUG  ]  File ignored by rseqc/junction_annotation because it exceeded search pattern filesize limit: SRR10398412_2_fastqc.html
[2021-10-18 10:47:55,610] multiqc                                            [DEBUG  ]  File ignored by rseqc/read_distribution because it exceeded search pattern filesize limit: SRR10398412_2_fastqc.html
[2021-10-18 10:47:55,610] multiqc                                            [DEBUG  ]  File ignored by rseqc/infer_experiment because it exceeded search pattern filesize limit: SRR10398412_2_fastqc.html
[2021-10-18 10:47:55,660] multiqc                                            [DEBUG  ]  Ignoring file as matched an ignore pattern: SRR10398417_2.fastq
[2021-10-18 10:47:55,660] multiqc                                            [DEBUG  ]  Ignoring file as matched an ignore pattern: SRR10398414_1.fastq
[2021-10-18 10:47:55,661] multiqc                                            [DEBUG  ]  Ignoring file as matched an ignore pattern: SRR10398415_1.fastq
[2021-10-18 10:47:55,661] multiqc                                            [DEBUG  ]  Ignoring file as matched an ignore pattern: SRR12820333_1.fastq
[2021-10-18 10:47:55,670] multiqc                                            [DEBUG  ]  File ignored by ccs/v4 because it exceeded search pattern filesize limit: SRR10398415_2_fastqc.html
[2021-10-18 10:47:55,672] multiqc                                            [DEBUG  ]  File ignored by hicexplorer because it exceeded search pattern filesize limit: SRR10398415_2_fastqc.html
[2021-10-18 10:47:55,672] multiqc                                            [DEBUG  ]  File ignored by nanostat because it exceeded search pattern filesize limit: SRR10398415_2_fastqc.html
[2021-10-18 10:47:55,672] multiqc                                            [DEBUG  ]  File ignored by lima/summary because it exceeded search pattern filesize limit: SRR10398415_2_fastqc.html
[2021-10-18 10:47:55,674] multiqc                                            [DEBUG  ]  File ignored by vep/vep_txt because it exceeded search pattern filesize limit: SRR10398415_2_fastqc.html
[2021-10-18 10:47:55,674] multiqc                                            [DEBUG  ]  File ignored by longranger/invocation because it exceeded search pattern filesize limit: SRR10398415_2_fastqc.html
[2021-10-18 10:47:55,674] multiqc                                            [DEBUG  ]  File ignored by rockhopper because it exceeded search pattern filesize limit: SRR10398415_2_fastqc.html
[2021-10-18 10:47:55,675] multiqc                                            [DEBUG  ]  File ignored by rseqc/bam_stat because it exceeded search pattern filesize limit: SRR10398415_2_fastqc.html
[2021-10-18 10:47:55,675] multiqc                                            [DEBUG  ]  File ignored by rseqc/junction_annotation because it exceeded search pattern filesize limit: SRR10398415_2_fastqc.html
[2021-10-18 10:47:55,675] multiqc                                            [DEBUG  ]  File ignored by rseqc/read_distribution because it exceeded search pattern filesize limit: SRR10398415_2_fastqc.html
[2021-10-18 10:47:55,675] multiqc                                            [DEBUG  ]  File ignored by rseqc/infer_experiment because it exceeded search pattern filesize limit: SRR10398415_2_fastqc.html
[2021-10-18 10:47:55,724] multiqc                                            [DEBUG  ]  Ignoring file as matched an ignore pattern: SRR10398416_2.fastq
[2021-10-18 10:47:55,725] multiqc                                            [DEBUG  ]  Ignoring file as matched an ignore pattern: SRR10398417_1.fastq
[2021-10-18 10:47:55,731] multiqc                                            [DEBUG  ]  File ignored by ccs/v4 because it exceeded search pattern filesize limit: SRR10398415_1_fastqc.html
[2021-10-18 10:47:55,732] multiqc                                            [DEBUG  ]  File ignored by hicexplorer because it exceeded search pattern filesize limit: SRR10398415_1_fastqc.html
[2021-10-18 10:47:55,732] multiqc                                            [DEBUG  ]  File ignored by nanostat because it exceeded search pattern filesize limit: SRR10398415_1_fastqc.html
[2021-10-18 10:47:55,732] multiqc                                            [DEBUG  ]  File ignored by lima/summary because it exceeded search pattern filesize limit: SRR10398415_1_fastqc.html
[2021-10-18 10:47:55,734] multiqc                                            [DEBUG  ]  File ignored by vep/vep_txt because it exceeded search pattern filesize limit: SRR10398415_1_fastqc.html
[2021-10-18 10:47:55,734] multiqc                                            [DEBUG  ]  File ignored by longranger/invocation because it exceeded search pattern filesize limit: SRR10398415_1_fastqc.html
[2021-10-18 10:47:55,734] multiqc                                            [DEBUG  ]  File ignored by rockhopper because it exceeded search pattern filesize limit: SRR10398415_1_fastqc.html
[2021-10-18 10:47:55,734] multiqc                                            [DEBUG  ]  File ignored by rseqc/bam_stat because it exceeded search pattern filesize limit: SRR10398415_1_fastqc.html
[2021-10-18 10:47:55,734] multiqc                                            [DEBUG  ]  File ignored by rseqc/junction_annotation because it exceeded search pattern filesize limit: SRR10398415_1_fastqc.html
[2021-10-18 10:47:55,734] multiqc                                            [DEBUG  ]  File ignored by rseqc/read_distribution because it exceeded search pattern filesize limit: SRR10398415_1_fastqc.html
[2021-10-18 10:47:55,734] multiqc                                            [DEBUG  ]  File ignored by rseqc/infer_experiment because it exceeded search pattern filesize limit: SRR10398415_1_fastqc.html
[2021-10-18 10:47:55,780] multiqc                                            [DEBUG  ]  Ignoring file as matched an ignore pattern: SRR10398414_2.fastq
[2021-10-18 10:47:55,781] multiqc                                            [DEBUG  ]  Ignoring file as matched an ignore pattern: SRR12820333_2.fastq
[2021-10-18 10:47:55,781] multiqc                                            [DEBUG  ]  Ignoring file as matched an ignore pattern: SRR10398415_2.fastq
[2021-10-18 10:47:55,790] multiqc                                            [DEBUG  ]  File ignored by ccs/v4 because it exceeded search pattern filesize limit: SRR10398412_1_fastqc.html
[2021-10-18 10:47:55,791] multiqc                                            [DEBUG  ]  File ignored by hicexplorer because it exceeded search pattern filesize limit: SRR10398412_1_fastqc.html
[2021-10-18 10:47:55,791] multiqc                                            [DEBUG  ]  File ignored by nanostat because it exceeded search pattern filesize limit: SRR10398412_1_fastqc.html
[2021-10-18 10:47:55,792] multiqc                                            [DEBUG  ]  File ignored by lima/summary because it exceeded search pattern filesize limit: SRR10398412_1_fastqc.html
[2021-10-18 10:47:55,794] multiqc                                            [DEBUG  ]  File ignored by vep/vep_txt because it exceeded search pattern filesize limit: SRR10398412_1_fastqc.html
[2021-10-18 10:47:55,794] multiqc                                            [DEBUG  ]  File ignored by longranger/invocation because it exceeded search pattern filesize limit: SRR10398412_1_fastqc.html
[2021-10-18 10:47:55,794] multiqc                                            [DEBUG  ]  File ignored by rockhopper because it exceeded search pattern filesize limit: SRR10398412_1_fastqc.html
[2021-10-18 10:47:55,794] multiqc                                            [DEBUG  ]  File ignored by rseqc/bam_stat because it exceeded search pattern filesize limit: SRR10398412_1_fastqc.html
[2021-10-18 10:47:55,794] multiqc                                            [DEBUG  ]  File ignored by rseqc/junction_annotation because it exceeded search pattern filesize limit: SRR10398412_1_fastqc.html
[2021-10-18 10:47:55,794] multiqc                                            [DEBUG  ]  File ignored by rseqc/read_distribution because it exceeded search pattern filesize limit: SRR10398412_1_fastqc.html
[2021-10-18 10:47:55,794] multiqc                                            [DEBUG  ]  File ignored by rseqc/infer_experiment because it exceeded search pattern filesize limit: SRR10398412_1_fastqc.html
[2021-10-18 10:47:55,842] multiqc                                            [DEBUG  ]  Ignoring file as matched an ignore pattern: SRR10398416_1.fastq
[2021-10-18 10:47:55,849] multiqc                                            [DEBUG  ]  File ignored by ccs/v4 because it exceeded search pattern filesize limit: SRR10398416_1_fastqc.html
[2021-10-18 10:47:55,850] multiqc                                            [DEBUG  ]  File ignored by hicexplorer because it exceeded search pattern filesize limit: SRR10398416_1_fastqc.html
[2021-10-18 10:47:55,850] multiqc                                            [DEBUG  ]  File ignored by nanostat because it exceeded search pattern filesize limit: SRR10398416_1_fastqc.html
[2021-10-18 10:47:55,850] multiqc                                            [DEBUG  ]  File ignored by lima/summary because it exceeded search pattern filesize limit: SRR10398416_1_fastqc.html
[2021-10-18 10:47:55,852] multiqc                                            [DEBUG  ]  File ignored by vep/vep_txt because it exceeded search pattern filesize limit: SRR10398416_1_fastqc.html
[2021-10-18 10:47:55,852] multiqc                                            [DEBUG  ]  File ignored by longranger/invocation because it exceeded search pattern filesize limit: SRR10398416_1_fastqc.html
[2021-10-18 10:47:55,852] multiqc                                            [DEBUG  ]  File ignored by rockhopper because it exceeded search pattern filesize limit: SRR10398416_1_fastqc.html
[2021-10-18 10:47:55,852] multiqc                                            [DEBUG  ]  File ignored by rseqc/bam_stat because it exceeded search pattern filesize limit: SRR10398416_1_fastqc.html
[2021-10-18 10:47:55,852] multiqc                                            [DEBUG  ]  File ignored by rseqc/junction_annotation because it exceeded search pattern filesize limit: SRR10398416_1_fastqc.html
[2021-10-18 10:47:55,852] multiqc                                            [DEBUG  ]  File ignored by rseqc/read_distribution because it exceeded search pattern filesize limit: SRR10398416_1_fastqc.html
[2021-10-18 10:47:55,852] multiqc                                            [DEBUG  ]  File ignored by rseqc/infer_experiment because it exceeded search pattern filesize limit: SRR10398416_1_fastqc.html
[2021-10-18 10:47:55,910] multiqc                                            [DEBUG  ]  File ignored by ccs/v4 because it exceeded search pattern filesize limit: SRR12820334_2_fastqc.html
[2021-10-18 10:47:55,912] multiqc                                            [DEBUG  ]  File ignored by hicexplorer because it exceeded search pattern filesize limit: SRR12820334_2_fastqc.html
[2021-10-18 10:47:55,912] multiqc                                            [DEBUG  ]  File ignored by nanostat because it exceeded search pattern filesize limit: SRR12820334_2_fastqc.html
[2021-10-18 10:47:55,912] multiqc                                            [DEBUG  ]  File ignored by lima/summary because it exceeded search pattern filesize limit: SRR12820334_2_fastqc.html
[2021-10-18 10:47:55,915] multiqc                                            [DEBUG  ]  File ignored by vep/vep_txt because it exceeded search pattern filesize limit: SRR12820334_2_fastqc.html
[2021-10-18 10:47:55,915] multiqc                                            [DEBUG  ]  File ignored by longranger/invocation because it exceeded search pattern filesize limit: SRR12820334_2_fastqc.html
[2021-10-18 10:47:55,915] multiqc                                            [DEBUG  ]  File ignored by rockhopper because it exceeded search pattern filesize limit: SRR12820334_2_fastqc.html
[2021-10-18 10:47:55,915] multiqc                                            [DEBUG  ]  File ignored by rseqc/bam_stat because it exceeded search pattern filesize limit: SRR12820334_2_fastqc.html
[2021-10-18 10:47:55,915] multiqc                                            [DEBUG  ]  File ignored by rseqc/junction_annotation because it exceeded search pattern filesize limit: SRR12820334_2_fastqc.html
[2021-10-18 10:47:55,915] multiqc                                            [DEBUG  ]  File ignored by rseqc/read_distribution because it exceeded search pattern filesize limit: SRR12820334_2_fastqc.html
[2021-10-18 10:47:55,915] multiqc                                            [DEBUG  ]  File ignored by rseqc/infer_experiment because it exceeded search pattern filesize limit: SRR12820334_2_fastqc.html
[2021-10-18 10:47:55,970] multiqc                                            [DEBUG  ]  File ignored by ccs/v4 because it exceeded search pattern filesize limit: SRR12820310_1_fastqc.html
[2021-10-18 10:47:55,971] multiqc                                            [DEBUG  ]  File ignored by hicexplorer because it exceeded search pattern filesize limit: SRR12820310_1_fastqc.html
[2021-10-18 10:47:55,971] multiqc                                            [DEBUG  ]  File ignored by nanostat because it exceeded search pattern filesize limit: SRR12820310_1_fastqc.html
[2021-10-18 10:47:55,971] multiqc                                            [DEBUG  ]  File ignored by lima/summary because it exceeded search pattern filesize limit: SRR12820310_1_fastqc.html
[2021-10-18 10:47:55,974] multiqc                                            [DEBUG  ]  File ignored by vep/vep_txt because it exceeded search pattern filesize limit: SRR12820310_1_fastqc.html
[2021-10-18 10:47:55,974] multiqc                                            [DEBUG  ]  File ignored by longranger/invocation because it exceeded search pattern filesize limit: SRR12820310_1_fastqc.html
[2021-10-18 10:47:55,974] multiqc                                            [DEBUG  ]  File ignored by rockhopper because it exceeded search pattern filesize limit: SRR12820310_1_fastqc.html
[2021-10-18 10:47:55,974] multiqc                                            [DEBUG  ]  File ignored by rseqc/bam_stat because it exceeded search pattern filesize limit: SRR12820310_1_fastqc.html
[2021-10-18 10:47:55,974] multiqc                                            [DEBUG  ]  File ignored by rseqc/junction_annotation because it exceeded search pattern filesize limit: SRR12820310_1_fastqc.html
[2021-10-18 10:47:55,974] multiqc                                            [DEBUG  ]  File ignored by rseqc/read_distribution because it exceeded search pattern filesize limit: SRR12820310_1_fastqc.html
[2021-10-18 10:47:55,974] multiqc                                            [DEBUG  ]  File ignored by rseqc/infer_experiment because it exceeded search pattern filesize limit: SRR12820310_1_fastqc.html
[2021-10-18 10:47:56,018] multiqc                                            [DEBUG  ]  Ignoring file as matched an ignore pattern: SRR12820310_2.fastq
[2021-10-18 10:47:56,021] multiqc                                            [DEBUG  ]  File ignored by ccs/v4 because it exceeded search pattern filesize limit: SRR12820309_2_fastqc.html
[2021-10-18 10:47:56,022] multiqc                                            [DEBUG  ]  File ignored by hicexplorer because it exceeded search pattern filesize limit: SRR12820309_2_fastqc.html
[2021-10-18 10:47:56,022] multiqc                                            [DEBUG  ]  File ignored by nanostat because it exceeded search pattern filesize limit: SRR12820309_2_fastqc.html
[2021-10-18 10:47:56,022] multiqc                                            [DEBUG  ]  File ignored by lima/summary because it exceeded search pattern filesize limit: SRR12820309_2_fastqc.html
[2021-10-18 10:47:56,024] multiqc                                            [DEBUG  ]  File ignored by vep/vep_txt because it exceeded search pattern filesize limit: SRR12820309_2_fastqc.html
[2021-10-18 10:47:56,024] multiqc                                            [DEBUG  ]  File ignored by longranger/invocation because it exceeded search pattern filesize limit: SRR12820309_2_fastqc.html
[2021-10-18 10:47:56,024] multiqc                                            [DEBUG  ]  File ignored by rockhopper because it exceeded search pattern filesize limit: SRR12820309_2_fastqc.html
[2021-10-18 10:47:56,024] multiqc                                            [DEBUG  ]  File ignored by rseqc/bam_stat because it exceeded search pattern filesize limit: SRR12820309_2_fastqc.html
[2021-10-18 10:47:56,024] multiqc                                            [DEBUG  ]  File ignored by rseqc/junction_annotation because it exceeded search pattern filesize limit: SRR12820309_2_fastqc.html
[2021-10-18 10:47:56,024] multiqc                                            [DEBUG  ]  File ignored by rseqc/read_distribution because it exceeded search pattern filesize limit: SRR12820309_2_fastqc.html
[2021-10-18 10:47:56,025] multiqc                                            [DEBUG  ]  File ignored by rseqc/infer_experiment because it exceeded search pattern filesize limit: SRR12820309_2_fastqc.html
[2021-10-18 10:47:56,074] multiqc                                            [DEBUG  ]  Ignoring file as matched an ignore pattern: SRR10398413_1.fastq
[2021-10-18 10:47:56,083] multiqc                                            [DEBUG  ]  File ignored by ccs/v4 because it exceeded search pattern filesize limit: SRR10398417_1_fastqc.html
[2021-10-18 10:47:56,084] multiqc                                            [DEBUG  ]  File ignored by hicexplorer because it exceeded search pattern filesize limit: SRR10398417_1_fastqc.html
[2021-10-18 10:47:56,085] multiqc                                            [DEBUG  ]  File ignored by nanostat because it exceeded search pattern filesize limit: SRR10398417_1_fastqc.html
[2021-10-18 10:47:56,085] multiqc                                            [DEBUG  ]  File ignored by lima/summary because it exceeded search pattern filesize limit: SRR10398417_1_fastqc.html
[2021-10-18 10:47:56,087] multiqc                                            [DEBUG  ]  File ignored by vep/vep_txt because it exceeded search pattern filesize limit: SRR10398417_1_fastqc.html
[2021-10-18 10:47:56,087] multiqc                                            [DEBUG  ]  File ignored by longranger/invocation because it exceeded search pattern filesize limit: SRR10398417_1_fastqc.html
[2021-10-18 10:47:56,087] multiqc                                            [DEBUG  ]  File ignored by rockhopper because it exceeded search pattern filesize limit: SRR10398417_1_fastqc.html
[2021-10-18 10:47:56,088] multiqc                                            [DEBUG  ]  File ignored by rseqc/bam_stat because it exceeded search pattern filesize limit: SRR10398417_1_fastqc.html
[2021-10-18 10:47:56,088] multiqc                                            [DEBUG  ]  File ignored by rseqc/junction_annotation because it exceeded search pattern filesize limit: SRR10398417_1_fastqc.html
[2021-10-18 10:47:56,088] multiqc                                            [DEBUG  ]  File ignored by rseqc/read_distribution because it exceeded search pattern filesize limit: SRR10398417_1_fastqc.html
[2021-10-18 10:47:56,088] multiqc                                            [DEBUG  ]  File ignored by rseqc/infer_experiment because it exceeded search pattern filesize limit: SRR10398417_1_fastqc.html
[2021-10-18 10:47:56,143] multiqc                                            [DEBUG  ]  Ignoring file as matched an ignore pattern: SRR12820309_2.fastq
[2021-10-18 10:47:56,150] multiqc                                            [DEBUG  ]  File ignored by ccs/v4 because it exceeded search pattern filesize limit: SRR10398413_1_fastqc.html
[2021-10-18 10:47:56,151] multiqc                                            [DEBUG  ]  File ignored by hicexplorer because it exceeded search pattern filesize limit: SRR10398413_1_fastqc.html
[2021-10-18 10:47:56,151] multiqc                                            [DEBUG  ]  File ignored by nanostat because it exceeded search pattern filesize limit: SRR10398413_1_fastqc.html
[2021-10-18 10:47:56,151] multiqc                                            [DEBUG  ]  File ignored by lima/summary because it exceeded search pattern filesize limit: SRR10398413_1_fastqc.html
[2021-10-18 10:47:56,153] multiqc                                            [DEBUG  ]  File ignored by vep/vep_txt because it exceeded search pattern filesize limit: SRR10398413_1_fastqc.html
[2021-10-18 10:47:56,153] multiqc                                            [DEBUG  ]  File ignored by longranger/invocation because it exceeded search pattern filesize limit: SRR10398413_1_fastqc.html
[2021-10-18 10:47:56,153] multiqc                                            [DEBUG  ]  File ignored by rockhopper because it exceeded search pattern filesize limit: SRR10398413_1_fastqc.html
[2021-10-18 10:47:56,153] multiqc                                            [DEBUG  ]  File ignored by rseqc/bam_stat because it exceeded search pattern filesize limit: SRR10398413_1_fastqc.html
[2021-10-18 10:47:56,153] multiqc                                            [DEBUG  ]  File ignored by rseqc/junction_annotation because it exceeded search pattern filesize limit: SRR10398413_1_fastqc.html
[2021-10-18 10:47:56,153] multiqc                                            [DEBUG  ]  File ignored by rseqc/read_distribution because it exceeded search pattern filesize limit: SRR10398413_1_fastqc.html
[2021-10-18 10:47:56,153] multiqc                                            [DEBUG  ]  File ignored by rseqc/infer_experiment because it exceeded search pattern filesize limit: SRR10398413_1_fastqc.html
[2021-10-18 10:47:56,213] multiqc                                            [DEBUG  ]  File ignored by ccs/v4 because it exceeded search pattern filesize limit: SRR10398414_1_fastqc.html
[2021-10-18 10:47:56,214] multiqc                                            [DEBUG  ]  File ignored by hicexplorer because it exceeded search pattern filesize limit: SRR10398414_1_fastqc.html
[2021-10-18 10:47:56,215] multiqc                                            [DEBUG  ]  File ignored by nanostat because it exceeded search pattern filesize limit: SRR10398414_1_fastqc.html
[2021-10-18 10:47:56,215] multiqc                                            [DEBUG  ]  File ignored by lima/summary because it exceeded search pattern filesize limit: SRR10398414_1_fastqc.html
[2021-10-18 10:47:56,217] multiqc                                            [DEBUG  ]  File ignored by vep/vep_txt because it exceeded search pattern filesize limit: SRR10398414_1_fastqc.html
[2021-10-18 10:47:56,217] multiqc                                            [DEBUG  ]  File ignored by longranger/invocation because it exceeded search pattern filesize limit: SRR10398414_1_fastqc.html
[2021-10-18 10:47:56,217] multiqc                                            [DEBUG  ]  File ignored by rockhopper because it exceeded search pattern filesize limit: SRR10398414_1_fastqc.html
[2021-10-18 10:47:56,217] multiqc                                            [DEBUG  ]  File ignored by rseqc/bam_stat because it exceeded search pattern filesize limit: SRR10398414_1_fastqc.html
[2021-10-18 10:47:56,217] multiqc                                            [DEBUG  ]  File ignored by rseqc/junction_annotation because it exceeded search pattern filesize limit: SRR10398414_1_fastqc.html
[2021-10-18 10:47:56,217] multiqc                                            [DEBUG  ]  File ignored by rseqc/read_distribution because it exceeded search pattern filesize limit: SRR10398414_1_fastqc.html
[2021-10-18 10:47:56,217] multiqc                                            [DEBUG  ]  File ignored by rseqc/infer_experiment because it exceeded search pattern filesize limit: SRR10398414_1_fastqc.html
[2021-10-18 10:47:56,268] multiqc                                            [DEBUG  ]  Ignoring file as matched an ignore pattern: SRR12820334_1.fastq
[2021-10-18 10:47:56,268] multiqc                                            [DEBUG  ]  Ignoring file as matched an ignore pattern: SRR10398412_1.fastq
[2021-10-18 10:47:56,274] multiqc                                            [DEBUG  ]  File ignored by ccs/v4 because it exceeded search pattern filesize limit: SRR12820333_2_fastqc.html
[2021-10-18 10:47:56,275] multiqc                                            [DEBUG  ]  File ignored by hicexplorer because it exceeded search pattern filesize limit: SRR12820333_2_fastqc.html
[2021-10-18 10:47:56,275] multiqc                                            [DEBUG  ]  File ignored by nanostat because it exceeded search pattern filesize limit: SRR12820333_2_fastqc.html
[2021-10-18 10:47:56,275] multiqc                                            [DEBUG  ]  File ignored by lima/summary because it exceeded search pattern filesize limit: SRR12820333_2_fastqc.html
[2021-10-18 10:47:56,277] multiqc                                            [DEBUG  ]  File ignored by vep/vep_txt because it exceeded search pattern filesize limit: SRR12820333_2_fastqc.html
[2021-10-18 10:47:56,277] multiqc                                            [DEBUG  ]  File ignored by longranger/invocation because it exceeded search pattern filesize limit: SRR12820333_2_fastqc.html
[2021-10-18 10:47:56,277] multiqc                                            [DEBUG  ]  File ignored by rockhopper because it exceeded search pattern filesize limit: SRR12820333_2_fastqc.html
[2021-10-18 10:47:56,277] multiqc                                            [DEBUG  ]  File ignored by rseqc/bam_stat because it exceeded search pattern filesize limit: SRR12820333_2_fastqc.html
[2021-10-18 10:47:56,277] multiqc                                            [DEBUG  ]  File ignored by rseqc/junction_annotation because it exceeded search pattern filesize limit: SRR12820333_2_fastqc.html
[2021-10-18 10:47:56,277] multiqc                                            [DEBUG  ]  File ignored by rseqc/read_distribution because it exceeded search pattern filesize limit: SRR12820333_2_fastqc.html
[2021-10-18 10:47:56,277] multiqc                                            [DEBUG  ]  File ignored by rseqc/infer_experiment because it exceeded search pattern filesize limit: SRR12820333_2_fastqc.html
[2021-10-18 10:47:56,329] multiqc                                            [DEBUG  ]  File ignored by ccs/v4 because it exceeded search pattern filesize limit: SRR12820333_1_fastqc.html
[2021-10-18 10:47:56,330] multiqc                                            [DEBUG  ]  File ignored by hicexplorer because it exceeded search pattern filesize limit: SRR12820333_1_fastqc.html
[2021-10-18 10:47:56,330] multiqc                                            [DEBUG  ]  File ignored by nanostat because it exceeded search pattern filesize limit: SRR12820333_1_fastqc.html
[2021-10-18 10:47:56,330] multiqc                                            [DEBUG  ]  File ignored by lima/summary because it exceeded search pattern filesize limit: SRR12820333_1_fastqc.html
[2021-10-18 10:47:56,333] multiqc                                            [DEBUG  ]  File ignored by vep/vep_txt because it exceeded search pattern filesize limit: SRR12820333_1_fastqc.html
[2021-10-18 10:47:56,333] multiqc                                            [DEBUG  ]  File ignored by longranger/invocation because it exceeded search pattern filesize limit: SRR12820333_1_fastqc.html
[2021-10-18 10:47:56,333] multiqc                                            [DEBUG  ]  File ignored by rockhopper because it exceeded search pattern filesize limit: SRR12820333_1_fastqc.html
[2021-10-18 10:47:56,333] multiqc                                            [DEBUG  ]  File ignored by rseqc/bam_stat because it exceeded search pattern filesize limit: SRR12820333_1_fastqc.html
[2021-10-18 10:47:56,333] multiqc                                            [DEBUG  ]  File ignored by rseqc/junction_annotation because it exceeded search pattern filesize limit: SRR12820333_1_fastqc.html
[2021-10-18 10:47:56,333] multiqc                                            [DEBUG  ]  File ignored by rseqc/read_distribution because it exceeded search pattern filesize limit: SRR12820333_1_fastqc.html
[2021-10-18 10:47:56,333] multiqc                                            [DEBUG  ]  File ignored by rseqc/infer_experiment because it exceeded search pattern filesize limit: SRR12820333_1_fastqc.html
[2021-10-18 10:47:56,380] multiqc                                            [DEBUG  ]  Ignoring file as matched an ignore pattern: SRR10398413_2.fastq
[2021-10-18 10:47:56,380] multiqc                                            [DEBUG  ]  Ignoring file as matched an ignore pattern: SRR12820310_1.fastq
[2021-10-18 10:47:56,381] multiqc                                            [DEBUG  ]  Ignoring file as matched an ignore pattern: SRR12820309_1.fastq
[2021-10-18 10:47:56,387] multiqc                                            [DEBUG  ]  File ignored by ccs/v4 because it exceeded search pattern filesize limit: SRR10398414_2_fastqc.html
[2021-10-18 10:47:56,389] multiqc                                            [DEBUG  ]  File ignored by hicexplorer because it exceeded search pattern filesize limit: SRR10398414_2_fastqc.html
[2021-10-18 10:47:56,389] multiqc                                            [DEBUG  ]  File ignored by nanostat because it exceeded search pattern filesize limit: SRR10398414_2_fastqc.html
[2021-10-18 10:47:56,389] multiqc                                            [DEBUG  ]  File ignored by lima/summary because it exceeded search pattern filesize limit: SRR10398414_2_fastqc.html
[2021-10-18 10:47:56,391] multiqc                                            [DEBUG  ]  File ignored by vep/vep_txt because it exceeded search pattern filesize limit: SRR10398414_2_fastqc.html
[2021-10-18 10:47:56,391] multiqc                                            [DEBUG  ]  File ignored by longranger/invocation because it exceeded search pattern filesize limit: SRR10398414_2_fastqc.html
[2021-10-18 10:47:56,391] multiqc                                            [DEBUG  ]  File ignored by rockhopper because it exceeded search pattern filesize limit: SRR10398414_2_fastqc.html
[2021-10-18 10:47:56,391] multiqc                                            [DEBUG  ]  File ignored by rseqc/bam_stat because it exceeded search pattern filesize limit: SRR10398414_2_fastqc.html
[2021-10-18 10:47:56,391] multiqc                                            [DEBUG  ]  File ignored by rseqc/junction_annotation because it exceeded search pattern filesize limit: SRR10398414_2_fastqc.html
[2021-10-18 10:47:56,391] multiqc                                            [DEBUG  ]  File ignored by rseqc/read_distribution because it exceeded search pattern filesize limit: SRR10398414_2_fastqc.html
[2021-10-18 10:47:56,391] multiqc                                            [DEBUG  ]  File ignored by rseqc/infer_experiment because it exceeded search pattern filesize limit: SRR10398414_2_fastqc.html
[2021-10-18 10:47:56,449] multiqc                                            [DEBUG  ]  File ignored by ccs/v4 because it exceeded search pattern filesize limit: SRR10398413_2_fastqc.html
[2021-10-18 10:47:56,451] multiqc                                            [DEBUG  ]  File ignored by hicexplorer because it exceeded search pattern filesize limit: SRR10398413_2_fastqc.html
[2021-10-18 10:47:56,454] multiqc                                            [DEBUG  ]  File ignored by nanostat because it exceeded search pattern filesize limit: SRR10398413_2_fastqc.html
[2021-10-18 10:47:56,454] multiqc                                            [DEBUG  ]  File ignored by lima/summary because it exceeded search pattern filesize limit: SRR10398413_2_fastqc.html
[2021-10-18 10:47:56,456] multiqc                                            [DEBUG  ]  File ignored by vep/vep_txt because it exceeded search pattern filesize limit: SRR10398413_2_fastqc.html
[2021-10-18 10:47:56,457] multiqc                                            [DEBUG  ]  File ignored by longranger/invocation because it exceeded search pattern filesize limit: SRR10398413_2_fastqc.html
[2021-10-18 10:47:56,457] multiqc                                            [DEBUG  ]  File ignored by rockhopper because it exceeded search pattern filesize limit: SRR10398413_2_fastqc.html
[2021-10-18 10:47:56,457] multiqc                                            [DEBUG  ]  File ignored by rseqc/bam_stat because it exceeded search pattern filesize limit: SRR10398413_2_fastqc.html
[2021-10-18 10:47:56,457] multiqc                                            [DEBUG  ]  File ignored by rseqc/junction_annotation because it exceeded search pattern filesize limit: SRR10398413_2_fastqc.html
[2021-10-18 10:47:56,457] multiqc                                            [DEBUG  ]  File ignored by rseqc/read_distribution because it exceeded search pattern filesize limit: SRR10398413_2_fastqc.html
[2021-10-18 10:47:56,457] multiqc                                            [DEBUG  ]  File ignored by rseqc/infer_experiment because it exceeded search pattern filesize limit: SRR10398413_2_fastqc.html
[2021-10-18 10:47:56,514] multiqc                                            [DEBUG  ]  File ignored by ccs/v4 because it exceeded search pattern filesize limit: SRR10398417_2_fastqc.html
[2021-10-18 10:47:56,515] multiqc                                            [DEBUG  ]  File ignored by hicexplorer because it exceeded search pattern filesize limit: SRR10398417_2_fastqc.html
[2021-10-18 10:47:56,515] multiqc                                            [DEBUG  ]  File ignored by nanostat because it exceeded search pattern filesize limit: SRR10398417_2_fastqc.html
[2021-10-18 10:47:56,515] multiqc                                            [DEBUG  ]  File ignored by lima/summary because it exceeded search pattern filesize limit: SRR10398417_2_fastqc.html
[2021-10-18 10:47:56,518] multiqc                                            [DEBUG  ]  File ignored by vep/vep_txt because it exceeded search pattern filesize limit: SRR10398417_2_fastqc.html
[2021-10-18 10:47:56,518] multiqc                                            [DEBUG  ]  File ignored by longranger/invocation because it exceeded search pattern filesize limit: SRR10398417_2_fastqc.html
[2021-10-18 10:47:56,518] multiqc                                            [DEBUG  ]  File ignored by rockhopper because it exceeded search pattern filesize limit: SRR10398417_2_fastqc.html
[2021-10-18 10:47:56,518] multiqc                                            [DEBUG  ]  File ignored by rseqc/bam_stat because it exceeded search pattern filesize limit: SRR10398417_2_fastqc.html
[2021-10-18 10:47:56,518] multiqc                                            [DEBUG  ]  File ignored by rseqc/junction_annotation because it exceeded search pattern filesize limit: SRR10398417_2_fastqc.html
[2021-10-18 10:47:56,518] multiqc                                            [DEBUG  ]  File ignored by rseqc/read_distribution because it exceeded search pattern filesize limit: SRR10398417_2_fastqc.html
[2021-10-18 10:47:56,518] multiqc                                            [DEBUG  ]  File ignored by rseqc/infer_experiment because it exceeded search pattern filesize limit: SRR10398417_2_fastqc.html
[2021-10-18 10:47:56,569] multiqc                                            [DEBUG  ]  File ignored by ccs/v4 because it exceeded search pattern filesize limit: SRR12820309_1_fastqc.html
[2021-10-18 10:47:56,570] multiqc                                            [DEBUG  ]  File ignored by hicexplorer because it exceeded search pattern filesize limit: SRR12820309_1_fastqc.html
[2021-10-18 10:47:56,570] multiqc                                            [DEBUG  ]  File ignored by nanostat because it exceeded search pattern filesize limit: SRR12820309_1_fastqc.html
[2021-10-18 10:47:56,570] multiqc                                            [DEBUG  ]  File ignored by lima/summary because it exceeded search pattern filesize limit: SRR12820309_1_fastqc.html
[2021-10-18 10:47:56,572] multiqc                                            [DEBUG  ]  File ignored by vep/vep_txt because it exceeded search pattern filesize limit: SRR12820309_1_fastqc.html
[2021-10-18 10:47:56,572] multiqc                                            [DEBUG  ]  File ignored by longranger/invocation because it exceeded search pattern filesize limit: SRR12820309_1_fastqc.html
[2021-10-18 10:47:56,572] multiqc                                            [DEBUG  ]  File ignored by rockhopper because it exceeded search pattern filesize limit: SRR12820309_1_fastqc.html
[2021-10-18 10:47:56,572] multiqc                                            [DEBUG  ]  File ignored by rseqc/bam_stat because it exceeded search pattern filesize limit: SRR12820309_1_fastqc.html
[2021-10-18 10:47:56,572] multiqc                                            [DEBUG  ]  File ignored by rseqc/junction_annotation because it exceeded search pattern filesize limit: SRR12820309_1_fastqc.html
[2021-10-18 10:47:56,572] multiqc                                            [DEBUG  ]  File ignored by rseqc/read_distribution because it exceeded search pattern filesize limit: SRR12820309_1_fastqc.html
[2021-10-18 10:47:56,572] multiqc                                            [DEBUG  ]  File ignored by rseqc/infer_experiment because it exceeded search pattern filesize limit: SRR12820309_1_fastqc.html
[2021-10-18 10:47:56,614] multiqc                                            [DEBUG  ]  Ignoring file as matched an ignore pattern: SRR10398412_2.fastq
[2021-10-18 10:47:56,623] multiqc                                            [DEBUG  ]  File ignored by ccs/v4 because it exceeded search pattern filesize limit: SRR12820310_2_fastqc.html
[2021-10-18 10:47:56,625] multiqc                                            [DEBUG  ]  File ignored by hicexplorer because it exceeded search pattern filesize limit: SRR12820310_2_fastqc.html
[2021-10-18 10:47:56,625] multiqc                                            [DEBUG  ]  File ignored by nanostat because it exceeded search pattern filesize limit: SRR12820310_2_fastqc.html
[2021-10-18 10:47:56,625] multiqc                                            [DEBUG  ]  File ignored by lima/summary because it exceeded search pattern filesize limit: SRR12820310_2_fastqc.html
[2021-10-18 10:47:56,627] multiqc                                            [DEBUG  ]  File ignored by vep/vep_txt because it exceeded search pattern filesize limit: SRR12820310_2_fastqc.html
[2021-10-18 10:47:56,627] multiqc                                            [DEBUG  ]  File ignored by longranger/invocation because it exceeded search pattern filesize limit: SRR12820310_2_fastqc.html
[2021-10-18 10:47:56,627] multiqc                                            [DEBUG  ]  File ignored by rockhopper because it exceeded search pattern filesize limit: SRR12820310_2_fastqc.html
[2021-10-18 10:47:56,627] multiqc                                            [DEBUG  ]  File ignored by rseqc/bam_stat because it exceeded search pattern filesize limit: SRR12820310_2_fastqc.html
[2021-10-18 10:47:56,627] multiqc                                            [DEBUG  ]  File ignored by rseqc/junction_annotation because it exceeded search pattern filesize limit: SRR12820310_2_fastqc.html
[2021-10-18 10:47:56,628] multiqc                                            [DEBUG  ]  File ignored by rseqc/read_distribution because it exceeded search pattern filesize limit: SRR12820310_2_fastqc.html
[2021-10-18 10:47:56,628] multiqc                                            [DEBUG  ]  File ignored by rseqc/infer_experiment because it exceeded search pattern filesize limit: SRR12820310_2_fastqc.html
[2021-10-18 10:47:56,680] multiqc                                            [DEBUG  ]  File ignored by ccs/v4 because it exceeded search pattern filesize limit: SRR12820334_1_fastqc.html
[2021-10-18 10:47:56,681] multiqc                                            [DEBUG  ]  File ignored by hicexplorer because it exceeded search pattern filesize limit: SRR12820334_1_fastqc.html
[2021-10-18 10:47:56,682] multiqc                                            [DEBUG  ]  File ignored by nanostat because it exceeded search pattern filesize limit: SRR12820334_1_fastqc.html
[2021-10-18 10:47:56,682] multiqc                                            [DEBUG  ]  File ignored by lima/summary because it exceeded search pattern filesize limit: SRR12820334_1_fastqc.html
[2021-10-18 10:47:56,683] multiqc                                            [DEBUG  ]  File ignored by vep/vep_txt because it exceeded search pattern filesize limit: SRR12820334_1_fastqc.html
[2021-10-18 10:47:56,683] multiqc                                            [DEBUG  ]  File ignored by longranger/invocation because it exceeded search pattern filesize limit: SRR12820334_1_fastqc.html
[2021-10-18 10:47:56,684] multiqc                                            [DEBUG  ]  File ignored by rockhopper because it exceeded search pattern filesize limit: SRR12820334_1_fastqc.html
[2021-10-18 10:47:56,684] multiqc                                            [DEBUG  ]  File ignored by rseqc/bam_stat because it exceeded search pattern filesize limit: SRR12820334_1_fastqc.html
[2021-10-18 10:47:56,684] multiqc                                            [DEBUG  ]  File ignored by rseqc/junction_annotation because it exceeded search pattern filesize limit: SRR12820334_1_fastqc.html
[2021-10-18 10:47:56,684] multiqc                                            [DEBUG  ]  File ignored by rseqc/read_distribution because it exceeded search pattern filesize limit: SRR12820334_1_fastqc.html
[2021-10-18 10:47:56,684] multiqc                                            [DEBUG  ]  File ignored by rseqc/infer_experiment because it exceeded search pattern filesize limit: SRR12820334_1_fastqc.html
[2021-10-18 10:47:56,726] multiqc                                            [DEBUG  ]  Ignoring file as matched an ignore pattern: SRR12820334_2.fastq
[2021-10-18 10:47:59,869] multiqc.plots.bargraph                             [DEBUG  ]  Using matplotlib version 3.2.2
[2021-10-18 10:47:59,869] multiqc.plots.linegraph                            [DEBUG  ]  Using matplotlib version 3.2.2
[2021-10-18 10:47:59,870] multiqc                                            [DEBUG  ]  No samples found: custom_content
[2021-10-18 10:47:59,873] multiqc                                            [DEBUG  ]  No samples found: ccs
[2021-10-18 10:47:59,876] multiqc                                            [DEBUG  ]  No samples found: ngsderive
[2021-10-18 10:47:59,879] multiqc                                            [DEBUG  ]  No samples found: purple
[2021-10-18 10:47:59,882] multiqc                                            [DEBUG  ]  No samples found: conpair
[2021-10-18 10:47:59,885] multiqc                                            [DEBUG  ]  No samples found: lima
[2021-10-18 10:47:59,888] multiqc                                            [DEBUG  ]  No samples found: peddy
[2021-10-18 10:47:59,891] multiqc                                            [DEBUG  ]  No samples found: somalier
[2021-10-18 10:47:59,894] multiqc                                            [DEBUG  ]  No samples found: methylQA
[2021-10-18 10:47:59,898] multiqc.modules.mosdepth.mosdepth                  [DEBUG  ]  include_contigs: []
[2021-10-18 10:47:59,898] multiqc.modules.mosdepth.mosdepth                  [DEBUG  ]  exclude_contigs: []
[2021-10-18 10:47:59,898] multiqc                                            [DEBUG  ]  No samples found: mosdepth
[2021-10-18 10:47:59,901] multiqc                                            [DEBUG  ]  No samples found: phantompeakqualtools
[2021-10-18 10:47:59,903] multiqc                                            [DEBUG  ]  No samples found: qualimap
[2021-10-18 10:47:59,906] multiqc                                            [DEBUG  ]  No samples found: preseq
[2021-10-18 10:47:59,908] multiqc                                            [DEBUG  ]  No samples found: quast
[2021-10-18 10:47:59,911] multiqc                                            [DEBUG  ]  No samples found: qorts
[2021-10-18 10:47:59,914] multiqc                                            [DEBUG  ]  No samples found: rna_seqc
[2021-10-18 10:47:59,916] multiqc                                            [DEBUG  ]  No samples found: rockhopper
[2021-10-18 10:47:59,919] multiqc                                            [DEBUG  ]  No samples found: rsem
[2021-10-18 10:47:59,923] multiqc                                            [DEBUG  ]  No samples found: rseqc
[2021-10-18 10:47:59,925] multiqc                                            [DEBUG  ]  No samples found: busco
[2021-10-18 10:47:59,928] multiqc                                            [DEBUG  ]  No samples found: bustools
[2021-10-18 10:47:59,931] multiqc                                            [DEBUG  ]  No samples found: goleft_indexcov
[2021-10-18 10:47:59,933] multiqc                                            [DEBUG  ]  No samples found: gffcompare
[2021-10-18 10:47:59,936] multiqc                                            [DEBUG  ]  No samples found: disambiguate
[2021-10-18 10:47:59,938] multiqc                                            [DEBUG  ]  No samples found: supernova
[2021-10-18 10:47:59,942] multiqc                                            [DEBUG  ]  No samples found: deeptools
[2021-10-18 10:47:59,945] multiqc                                            [DEBUG  ]  No samples found: sargasso
[2021-10-18 10:47:59,947] multiqc                                            [DEBUG  ]  No samples found: verifybamid
[2021-10-18 10:47:59,950] multiqc                                            [DEBUG  ]  No samples found: mirtrace
[2021-10-18 10:47:59,953] multiqc                                            [DEBUG  ]  No samples found: happy
[2021-10-18 10:47:59,955] multiqc                                            [DEBUG  ]  No samples found: mirtop
[2021-10-18 10:47:59,958] multiqc                                            [DEBUG  ]  No samples found: sambamba
[2021-10-18 10:47:59,961] multiqc                                            [DEBUG  ]  No samples found: homer
[2021-10-18 10:47:59,964] multiqc                                            [DEBUG  ]  No samples found: hops
[2021-10-18 10:47:59,966] multiqc                                            [DEBUG  ]  No samples found: macs2
[2021-10-18 10:47:59,969] multiqc                                            [DEBUG  ]  No samples found: theta2
[2021-10-18 10:47:59,971] multiqc                                            [DEBUG  ]  No samples found: snpeff
[2021-10-18 10:47:59,974] multiqc                                            [DEBUG  ]  No samples found: gatk
[2021-10-18 10:47:59,977] multiqc                                            [DEBUG  ]  No samples found: htseq
[2021-10-18 10:47:59,980] multiqc                                            [DEBUG  ]  No samples found: bcftools
[2021-10-18 10:47:59,982] multiqc                                            [DEBUG  ]  No samples found: featureCounts
[2021-10-18 10:47:59,987] multiqc                                            [DEBUG  ]  No samples found: fgbio
[2021-10-18 10:47:59,992] multiqc                                            [DEBUG  ]  No samples found: dragen
[2021-10-18 10:47:59,995] multiqc                                            [DEBUG  ]  No samples found: dedup
[2021-10-18 10:47:59,998] multiqc                                            [DEBUG  ]  No samples found: damageprofiler
[2021-10-18 10:48:00,006] multiqc                                            [DEBUG  ]  No samples found: biobambam2
[2021-10-18 10:48:00,009] multiqc                                            [DEBUG  ]  No samples found: jcvi
[2021-10-18 10:48:00,012] multiqc                                            [DEBUG  ]  No samples found: mtnucratio
[2021-10-18 10:48:00,014] multiqc                                            [DEBUG  ]  No samples found: picard
[2021-10-18 10:48:00,017] multiqc                                            [DEBUG  ]  No samples found: vep
[2021-10-18 10:48:00,020] multiqc                                            [DEBUG  ]  No samples found: sentieon
[2021-10-18 10:48:00,023] multiqc                                            [DEBUG  ]  No samples found: prokka
[2021-10-18 10:48:00,025] multiqc                                            [DEBUG  ]  No samples found: qc3C
[2021-10-18 10:48:00,028] multiqc                                            [DEBUG  ]  No samples found: nanostat
[2021-10-18 10:48:00,030] multiqc                                            [DEBUG  ]  No samples found: samblaster
[2021-10-18 10:48:00,034] multiqc                                            [DEBUG  ]  No samples found: samtools
[2021-10-18 10:48:00,036] multiqc                                            [DEBUG  ]  No samples found: sexdeterrmine
[2021-10-18 10:48:00,039] multiqc                                            [DEBUG  ]  No samples found: eigenstratdatabasetools
[2021-10-18 10:48:00,042] multiqc                                            [DEBUG  ]  No samples found: bamtools
[2021-10-18 10:48:00,044] multiqc                                            [DEBUG  ]  No samples found: jellyfish
[2021-10-18 10:48:00,048] multiqc                                            [DEBUG  ]  No samples found: vcftools
[2021-10-18 10:48:00,050] multiqc                                            [DEBUG  ]  No samples found: longranger
[2021-10-18 10:48:00,053] multiqc                                            [DEBUG  ]  No samples found: stacks
[2021-10-18 10:48:00,055] multiqc                                            [DEBUG  ]  No samples found: varscan2
[2021-10-18 10:48:00,058] multiqc                                            [DEBUG  ]  No samples found: snippy
[2021-10-18 10:48:00,063] multiqc                                            [DEBUG  ]  No samples found: bbmap
[2021-10-18 10:48:00,066] multiqc                                            [DEBUG  ]  No samples found: bismark
[2021-10-18 10:48:00,069] multiqc                                            [DEBUG  ]  No samples found: biscuit
[2021-10-18 10:48:00,072] multiqc                                            [DEBUG  ]  No samples found: hicexplorer
[2021-10-18 10:48:00,074] multiqc                                            [DEBUG  ]  No samples found: hicup
[2021-10-18 10:48:00,077] multiqc                                            [DEBUG  ]  No samples found: hicpro
[2021-10-18 10:48:00,080] multiqc                                            [DEBUG  ]  No samples found: salmon
[2021-10-18 10:48:00,082] multiqc                                            [DEBUG  ]  No samples found: kallisto
[2021-10-18 10:48:00,085] multiqc                                            [DEBUG  ]  No samples found: slamdunk
[2021-10-18 10:48:00,087] multiqc                                            [DEBUG  ]  No samples found: star
[2021-10-18 10:48:00,090] multiqc                                            [DEBUG  ]  No samples found: hisat2
[2021-10-18 10:48:00,092] multiqc                                            [DEBUG  ]  No samples found: tophat
[2021-10-18 10:48:00,095] multiqc                                            [DEBUG  ]  No samples found: bowtie2
[2021-10-18 10:48:00,097] multiqc                                            [DEBUG  ]  No samples found: bowtie1
[2021-10-18 10:48:00,100] multiqc                                            [DEBUG  ]  No samples found: snpsplit
[2021-10-18 10:48:00,102] multiqc                                            [DEBUG  ]  No samples found: odgi
[2021-10-18 10:48:00,105] multiqc                                            [DEBUG  ]  No samples found: pangolin
[2021-10-18 10:48:00,107] multiqc                                            [DEBUG  ]  No samples found: kat
[2021-10-18 10:48:00,110] multiqc                                            [DEBUG  ]  No samples found: leehom
[2021-10-18 10:48:00,112] multiqc                                            [DEBUG  ]  No samples found: adapterRemoval
[2021-10-18 10:48:00,115] multiqc                                            [DEBUG  ]  No samples found: clipandmerge
[2021-10-18 10:48:00,117] multiqc                                            [DEBUG  ]  No samples found: cutadapt
[2021-10-18 10:48:00,120] multiqc                                            [DEBUG  ]  No samples found: flexbar
[2021-10-18 10:48:00,122] multiqc                                            [DEBUG  ]  No samples found: kaiju
[2021-10-18 10:48:00,125] multiqc                                            [DEBUG  ]  No samples found: kraken
[2021-10-18 10:48:00,127] multiqc                                            [DEBUG  ]  No samples found: malt
[2021-10-18 10:48:00,130] multiqc                                            [DEBUG  ]  No samples found: trimmomatic
[2021-10-18 10:48:00,132] multiqc                                            [DEBUG  ]  No samples found: sickle
[2021-10-18 10:48:00,135] multiqc                                            [DEBUG  ]  No samples found: skewer
[2021-10-18 10:48:00,137] multiqc                                            [DEBUG  ]  No samples found: sortmerna
[2021-10-18 10:48:00,140] multiqc                                            [DEBUG  ]  No samples found: biobloomtools
[2021-10-18 10:48:00,142] multiqc                                            [DEBUG  ]  No samples found: fastq_screen
[2021-10-18 10:48:00,145] multiqc                                            [DEBUG  ]  No samples found: afterqc
[2021-10-18 10:48:00,147] multiqc                                            [DEBUG  ]  No samples found: fastp
[2021-10-18 10:48:00,206] multiqc.modules.fastqc.fastqc                      [INFO   ]  Found 20 reports
[2021-10-18 10:48:00,325] multiqc                                            [DEBUG  ]  No samples found: pychopper
[2021-10-18 10:48:00,328] multiqc                                            [DEBUG  ]  No samples found: pycoqc
[2021-10-18 10:48:00,330] multiqc                                            [DEBUG  ]  No samples found: minionqc
[2021-10-18 10:48:00,333] multiqc                                            [DEBUG  ]  No samples found: multivcfanalyzer
[2021-10-18 10:48:00,336] multiqc                                            [DEBUG  ]  No samples found: clusterflow
[2021-10-18 10:48:00,338] multiqc                                            [DEBUG  ]  No samples found: bcl2fastq
[2021-10-18 10:48:00,341] multiqc                                            [DEBUG  ]  No samples found: bclconvert
[2021-10-18 10:48:00,343] multiqc                                            [DEBUG  ]  No samples found: interop
[2021-10-18 10:48:00,346] multiqc                                            [DEBUG  ]  No samples found: ivar
[2021-10-18 10:48:00,349] multiqc                                            [DEBUG  ]  No samples found: flash
[2021-10-18 10:48:00,351] multiqc                                            [DEBUG  ]  No samples found: seqyclean
[2021-10-18 10:48:00,353] multiqc                                            [DEBUG  ]  No samples found: optitype
[2021-10-18 10:48:00,371] multiqc                                            [INFO   ]  Compressing plot data
[2021-10-18 10:48:00,578] multiqc                                            [INFO   ]  Report      : multiqc_report.html
[2021-10-18 10:48:00,578] multiqc                                            [INFO   ]  Data        : multiqc_data
[2021-10-18 10:48:00,578] multiqc                                            [DEBUG  ]  Moving data file from '/var/folders/4b/n1btbt3d189bdbwd31qfx_tm0000gn/T/tmpkl54s978/multiqc_data' to '/Users/djfeistel/Desktop/GA_Tech/BIOL6150/class_project/teams12/fastq-files/multiqc_data'
[2021-10-18 10:48:00,671] multiqc                                            [INFO   ]  MultiQC complete
